
/* ID 3 */
<18:58:17> [LeaderAlgorithm] Starting a leader request process for task 1
<18:58:17> [LeaderAlgorithm] Robot 3 requesting task 1, bid: 0.352941
<18:58:17> [LeaderAlgorithm] Received bid 0.1875, but mine is 0.352941, resuming... 
<18:58:17> [LeaderAlgorithm] Received bid 0.352941, but mine is 0.352941, resuming... 
<18:58:17> [LeaderAlgorithm] Received bid 0.1875, but mine is 0.352941, resuming... 
<18:58:17> [LeaderAlgorithm] Received bid 0.25, but mine is 0.352941, resuming... 
<18:58:20> [LeaderAlgorithm] I'm the new leader for task 1
<18:58:20> [TaskAuction] Starting auction round for task 1
<18:58:20> [AuctionForTask - Round 1] Received bid from Robot 4, with a bid of 0.1875
<18:58:20> [AuctionForTask - Round 1] Received bid from Robot 5, with a bid of 0.25
<18:58:20> [AuctionForTask - Round 1] Received bid from Robot 1, with a bid of 0.1875
<18:58:23> [AuctionForTask - Round 1] End of round 1
Robot 4 WorkCapacity: 0.1875
Robot 5 WorkCapacity: 0.25
<18:58:23> [AuctionForTask - Round 2] ---> Selected group: 
	Robot 4 | LoadCapacity: 1
	Robot 5 | LoadCapacity: 1
<18:58:23> [AuctionForTask - Round 2] Total group_work_capacity: 0.4375
<18:58:23> [AuctionForTask - Round 2] Expected time: 11.4286s
<18:58:23> [AuctionForTask - Round 2] Task deadline: 15s
<18:58:23> [AuctionForTask - Round 2] TaskUtility(expected_deadline) <<Uj(DLgj)>>: 1
<18:58:23> [Travels] I'll make a travel carrying 3kg
<18:58:23> [Travels] Robot 4 will make a travel carrying 1kg
<18:58:23> [Travels] Robot 5 will make a travel carrying 1kg
<18:58:23> [AuctionForTask - Travels] Task workload: 5 kg
<18:58:23> [AuctionForTask - Travels] Robot 3 is assigned with 1 travels
<18:58:23> [AuctionForTask - Travels] Robot 5 is assigned with 1 travels
<18:58:23> [AuctionForTask - Travels] Robot 4 is assigned with 1 travels
<18:58:23> [NewTaskHandler] Setting goal with 1 travels
<18:58:23> [LeaderOfTaskHandler] Robot 2 is the new leader of task 1
<18:58:23> [BidRequestMessageHandler]: Received a bid request from Robot2 for task 1. Replying with bid: 0.352941
<18:58:23> [LeaderAliveMessageHandler] Leader duplicity for task 1I will resume leadership
<18:58:24> [LeaderAliveMessageHandler] Leader duplicity for task 1I will resume leadership
<18:58:27> [LeaderAliveMessageHandler] Leader duplicity for task 1I will resume leadership
<18:58:30> [LeaderAliveMessageHandler] Leader duplicity for task 1I will resume leadership
<18:58:32> [RobotAuction]: Killed by SIGINT
