<17:50:59> [LoadCapacity] New vale: 4
<17:50:59> [Auction process] ---> Running
<17:50:59> [wait_until_id] I'm waiting until I receive my ID
<17:51:00> [wait_until_id] I'm waiting until I receive my ID
<17:51:00> [NewRobotHandler] Received my own id: 2
<17:51:10> [NeTaskHandler] new task: 1
<17:51:10> [LeaderAlgorithm] Starting a leader request process for task 1
<17:51:10> [LeaderAlgorithm] Robot 2 requesting task 1, bid: 0.378743
<17:51:10> [LeaderAlgorithm] Received bid 0.326032, but mine is 0.378743, resuming... 
<17:51:13> [LeaderAlgorithm] I'm the new leader for task 1
<17:51:13> [TaskAuction] Starting auction round for task 1
<17:51:13> [AuctionForTask - Round 1] Received bid from Robot 1, with a bid of 0.326032
<17:51:14> [Periodic Behaviour] I'm a leader, sending to monitor and ALL robots
<17:51:16> [AuctionForTask - Round 1] End of round 1
<17:51:16> [AuctionForTask - Round 2] ---> Selected group: 
	Robot 1 | LoadCapacity: 4
<17:51:16> [AuctionForTask - Round 2] Total group_work_capacity: 0.326032
<17:51:16> [AuctionForTask - Round 2] Expected time: 24.5375s
<17:51:16> [AuctionForTask - Round 2] Task deadline: 15s
<17:51:16> [AuctionForTask - Round 2] TaskUtility(expected_deadline) <<Uj(DLgj)>>: 0.0991738
<17:51:16> [Travels] I'll make a travel carrying 4kg
<17:51:16> [Travels] Robot 1 will make a travel carrying 4kg
<17:51:16> [AuctionForTask - Travels] Task workload: 8 kg
<17:51:16> [AuctionForTask - Travels] Robot 2 is assigned with 1 travels
<17:51:16> [AuctionForTask - Travels] Robot 1 is assigned with 1 travels
<17:51:16> [NewTaskHandler] Setting goal with 1 travels
<17:51:17> [Periodic Behaviour] I'm a leader, sending to monitor and ALL robots
<17:51:20> [Periodic Behaviour] I'm a leader, sending to monitor and ALL robots
<17:51:22> [RobotAliveMessageHandler] Robot 1 is not found in the group. Accepted as a new helper
<17:51:23> [Periodic Behaviour] I'm a leader, sending to monitor and ALL robots
<17:51:23> [RobotAliveMessageHandler] Robot 1 is in the group. Time elapsed: 1194
<17:51:26> [Periodic Behaviour] I'm a leader, sending to monitor and ALL robots
<17:51:26> [RobotAliveMessageHandler] Robot 1 is in the group. Time elapsed: 3005
<17:51:29> [RobotAliveMessageHandler] Robot 1 is in the group. Time elapsed: 2996
<17:51:29> [Periodic Behaviour] I'm a leader, sending to monitor and ALL robots
<17:51:32> [RobotAliveMessageHandler] Robot 1 is in the group. Time elapsed: 3010
<17:51:32> [Periodic Behaviour] I'm a leader, sending to monitor and ALL robots
<17:51:35> [Periodic Behaviour] I'm a leader, sending to monitor and ALL robots
<17:51:35> [RobotAliveMessageHandler] Robot 1 is in the group. Time elapsed: 3010
<17:51:38> [Periodic Behaviour] I'm a leader, sending to monitor and ALL robots
<17:51:38> [RobotAliveMessageHandler] Robot 1 is in the group. Time elapsed: 2997
<17:51:41> [RobotAliveMessageHandler] Robot 1 is in the group. Time elapsed: 3000
<17:51:41> [Periodic Behaviour] I'm a leader, sending to monitor and ALL robots
<17:51:44> [RobotAliveMessageHandler] Robot 1 is in the group. Time elapsed: 2999
<17:51:44> [Periodic Behaviour] I'm a leader, sending to monitor and ALL robots
<17:51:47> [RobotAliveMessageHandler] Robot 1 is in the group. Time elapsed: 3000
<17:51:47> [Periodic Behaviour] I'm a leader, sending to monitor and ALL robots
<17:51:50> [Periodic Behaviour] I'm a leader, sending to monitor and ALL robots
<17:51:50> [RobotAliveMessageHandler] Robot 1 is in the group. Time elapsed: 3015
<17:51:53> [Periodic Behaviour] I'm a leader, sending to monitor and ALL robots
<17:51:53> [RobotAliveMessageHandler] Robot 1 is in the group. Time elapsed: 3006
<17:51:56> [RobotAliveMessageHandler] Robot 1 is in the group. Time elapsed: 2997
<17:51:56> [Periodic Behaviour] I'm a leader, sending to monitor and ALL robots
<17:51:59> [RobotAliveMessageHandler] Robot 1 is in the group. Time elapsed: 2997
<17:51:59> [Periodic Behaviour] I'm a leader, sending to monitor and ALL robots
<17:52:01> [RobotAuction]: Killed by SIGINT
