<11:35:53> [Auction process] ---> Running
<11:35:53> [wait_until_id] I'm waiting until I receive my ID
<11:35:54> [wait_until_id] I'm waiting until I receive my ID
<11:35:54> [NewRobotHandler] Received other robot profile: host: localhost, port: 25556, 1
<11:35:54> [NewRobotHandler] Received other robot profile: host: localhost, port: 25557, 2
<11:35:54> [NewRobotHandler] Received my own id: 3
<11:35:54> [NewRobotHandler] Received other robot profile: host: localhost, port: 25556, 1
<11:35:54> [NewRobotHandler] Received other robot profile: host: localhost, port: 25557, 2
<11:35:55> [NewRobotHandler] Received other robot profile: host: localhost, port: 25556, 1
<11:35:55> [NewRobotHandler] Received other robot profile: host: localhost, port: 25557, 2
<11:35:55> [NewRobotHandler] Received other robot profile: host: localhost, port: 25556, 1
<11:35:55> [NewRobotHandler] Received other robot profile: host: localhost, port: 25557, 2
<11:35:55> [NewRobotHandler] Received other robot profile: host: localhost, port: 25556, 1
<11:35:55> [NewRobotHandler] Received other robot profile: host: localhost, port: 25557, 2
<11:35:56> [NewRobotHandler] Received other robot profile: host: localhost, port: 25556, 1
<11:35:56> [NewRobotHandler] Received other robot profile: host: localhost, port: 25557, 2
<11:35:56> [NewRobotHandler] Received other robot profile: host: localhost, port: 25559, 4
<11:35:56> [NewRobotHandler] Received other robot profile: host: localhost, port: 25556, 1
<11:35:56> [NewRobotHandler] Received other robot profile: host: localhost, port: 25557, 2
<11:35:56> [NewRobotHandler] Received other robot profile: host: localhost, port: 25559, 4
<11:35:56> [Periodic Behaviour] I'm idle, sending to monitor
<11:35:57> [NewRobotHandler] Received other robot profile: host: localhost, port: 25556, 1
<11:35:57> [NewRobotHandler] Received other robot profile: host: localhost, port: 25557, 2
<11:35:57> [NewRobotHandler] Received other robot profile: host: localhost, port: 25559, 4
<11:35:59> [Periodic Behaviour] I'm idle, sending to monitor
<11:36:02> [Periodic Behaviour] I'm idle, sending to monitor
<11:36:05> [Periodic Behaviour] I'm idle, sending to monitor
<11:36:08> [Periodic Behaviour] I'm idle, sending to monitor
<11:36:11> [Periodic Behaviour] I'm idle, sending to monitor
<11:36:14> [Periodic Behaviour] I'm idle, sending to monitor
<11:36:17> [Periodic Behaviour] I'm idle, sending to monitor
<11:36:20> [Periodic Behaviour] I'm idle, sending to monitor
<11:36:21> [NeTaskHandler] new task: 1
<11:36:21> [LeaderAlgorithm] Starting a leader request process for task 1
<11:36:21> [LeaderAlgorithm] Robot 3 requesting task 1, bid: 0.368072
<11:36:21> [LeaderAlgorithm] Received bid 0.291229, but mine is 0.368072, resuming... 
<11:36:21> [LeaderAlgorithm] Received bid 0.291229, but mine is 0.368072, resuming... 
<11:36:21> [LeaderAlgorithm] Received bid 0.317765, but mine is 0.368072, resuming... 
<11:36:23> [Periodic Behaviour] I'm idle, sending to monitor
<11:36:24> [LeaderAlgorithm] I'm the new leader for task 1
<11:36:24> [TaskAuction] Starting auction round for task 1
<11:36:24> [AuctionForTask - Round 1] Received bid from Robot 1, with a bid of 0.291229
<11:36:24> [AuctionForTask - Round 1] Received bid from Robot 2, with a bid of 0.317765
<11:36:24> [AuctionForTask - Round 1] Received bid from Robot 4, with a bid of 0.291229
<11:36:26> [Periodic Behaviour] I'm a leader, sending to monitor and ALL robots
<11:36:27> [AuctionForTask - Round 1] End of round 1
<11:36:27> [AuctionForTask - Round 2] ---> Selected group: 
	Robot 2
	Robot 1
	Robot 4
<11:36:27> [AuctionForTask - Round 2] Total group_work_capacity: 0.900223
<11:36:27> [AuctionForTask - Round 2] Expected time: 8.88669s
<11:36:27> [AuctionForTask - Round 2] Task deadline: 6s
<11:36:27> [AuctionForTask - Round 2] TaskUtility(expected_deadline) <<Uj(DLgj)>>: 0.127015
<11:36:30> [Periodic Behaviour] I'm a leader, sending to monitor and ALL robots
<11:36:33> [Periodic Behaviour] I'm a leader, sending to monitor and ALL robots
<11:36:33> [RobotAliveMessageHandler] Robot 2 is not found in the group. Accepted as a new helper
<11:36:33> [RobotAliveMessageHandler] Robot 4 is not found in the group. Accepted as a new helper
<11:36:33> [RobotAliveMessageHandler] Robot 1 is not found in the group. Accepted as a new helper
<11:36:35> [RobotAliveMessageHandler] Robot 4 is in the group. Time elapsed: 1490
<11:36:35> [RobotAliveMessageHandler] Robot 2 is in the group. Time elapsed: 1819
<11:36:36> [Periodic Behaviour] I'm a leader, sending to monitor and ALL robots
<11:36:36> [RobotAliveMessageHandler] Robot 1 is in the group. Time elapsed: 2597
<11:36:38> [RobotAliveMessageHandler] Robot 4 is in the group. Time elapsed: 3000
<11:36:38> [RobotAliveMessageHandler] Robot 2 is in the group. Time elapsed: 2987
<11:36:39> [Periodic Behaviour] I'm a leader, sending to monitor and ALL robots
<11:36:39> [CheckRobotStatus] Helper 1 is considered dead. Removing from group...
<11:36:40> [RobotAuction]: Killed by SIGINT
