<21:08:06> [Auction process] ---> Running
<21:08:06> [wait_until_id] I'm waiting until I receive my ID
<21:08:06> [wait_until_id] I'm waiting until I receive my ID
<21:08:06> [NewRobotHandler] Received other robot profile: host: localhost, port: 25556, 1
<21:08:06> [NewRobotHandler] Received other robot profile: host: localhost, port: 25557, 2
<21:08:06> [NewRobotHandler] Received other robot profile: host: localhost, port: 25558, 3
<21:08:06> [NewRobotHandler] Received other robot profile: host: localhost, port: 25559, 4
<21:08:06> [NewRobotHandler] Received my own id: 5
<21:08:06> [NewRobotHandler] Received other robot profile: host: localhost, port: 25556, 1
<21:08:06> [NewRobotHandler] Received other robot profile: host: localhost, port: 25557, 2
<21:08:06> [NewRobotHandler] Received other robot profile: host: localhost, port: 25558, 3
<21:08:06> [NewRobotHandler] Received other robot profile: host: localhost, port: 25559, 4
<21:08:07> [NeTaskHandler] new task: 1
<21:08:07> [LeaderAlgorithm] Starting a leader request process for task 1
<21:08:07> [LeaderAlgorithm] Robot 5 requesting task 1, bid: 0.209473
<21:08:07> [LeaderAlgorithm] Received bid 0.096884, but mine is 0.209473, resuming... 
<21:08:07> [LeaderAlgorithm] Received bid 0.295251, and mine is 0.209473, giving up... 
<21:08:10> [LeaderOfTaskHandler] Robot 4 is the new leader of task 1
<21:08:10> [BidRequestMessageHandler]: Received a bid request from Robot4 for task 1. Replying with bid: 0.209473
<21:08:13> [NonLeaderAuction] Received bid from 4 for task 1 with a bid of 1
<21:08:19> [NonLeaderAuction] Best option: task 1 from leader 4 whose bid is 1
<21:08:19> [NonLeaderAuction] Sending refuse to
